<?xml version="1.0" encoding="UTF-8"?>
<!-- Generated by org.testng.reporters.JUnitReportReporter -->
<testsuite hostname="DESKTOP-GLL35BR" failures="0" tests="1" name="tests.LoginTest" time="5.731" errors="0" timestamp="2024-12-17T21:27:05 IST" skipped="0">
  <testcase classname="tests.LoginTest" name="testValidLogin" time="5.731"/>
</testsuite> <!-- tests.LoginTest -->
